<?xml version="1.0" encoding="UTF-8"?>
<!-- Generated by org.testng.reporters.JUnitReportReporter -->
<testsuite hostname="LAPTOP-NBCD1KMT" failures="0" tests="3" name="Test.TestCase13" time="13.323" errors="0" timestamp="2024-12-23T15:12:10 IST" skipped="0">
  <testcase classname="Test.TestCase13" name="setup" time="11.585"/>
  <testcase classname="Test.TestCase13" name="functionaltest" time="1.439"/>
  <testcase classname="Test.TestCase13" name="logout" time="0.299"/>
</testsuite> <!-- Test.TestCase13 -->
