<?xml version="1.0" encoding="UTF-8"?>
<!-- Generated by org.testng.reporters.JUnitReportReporter -->
<testsuite hostname="LAPTOP-NBCD1KMT" failures="0" tests="2" name="Test.TestCase16" time="10.399" errors="0" timestamp="2024-12-25T12:44:31 IST" skipped="0">
  <testcase classname="Test.TestCase16" name="setup" time="8.743"/>
  <testcase classname="Test.TestCase16" name="functionaltest" time="1.656"/>
</testsuite> <!-- Test.TestCase16 -->
