<?xml version="1.0" encoding="UTF-8"?>
<!-- Generated by org.testng.reporters.JUnitReportReporter -->
<testsuite hostname="LAPTOP-NBCD1KMT" failures="0" tests="2" name="Test.TestCase27" time="5.997" errors="0" timestamp="2024-12-26T14:53:48 IST" skipped="0">
  <testcase classname="Test.TestCase27" name="setup" time="5.570"/>
  <testcase classname="Test.TestCase27" name="functionaltest" time="0.427"/>
</testsuite> <!-- Test.TestCase27 -->
