<?xml version="1.0" encoding="UTF-8"?>
<!-- Generated by org.testng.reporters.JUnitReportReporter -->
<testsuite hostname="LAPTOP-NBCD1KMT" failures="0" tests="2" name="Test.TestCase12" time="14.416" errors="0" timestamp="2024-12-21T10:52:26 IST" skipped="0">
  <testcase classname="Test.TestCase12" name="setup" time="4.715"/>
  <testcase classname="Test.TestCase12" name="functionaltest" time="9.701"/>
</testsuite> <!-- Test.TestCase12 -->
