<?xml version="1.0" encoding="UTF-8"?>
<!-- Generated by org.testng.reporters.JUnitReportReporter -->
<testsuite hostname="LAPTOP-NBCD1KMT" failures="0" tests="2" name="Test.TestCase15" time="23.831" errors="0" timestamp="2024-12-25T11:26:58 IST" skipped="0">
  <testcase classname="Test.TestCase15" name="setup" time="7.327"/>
  <testcase classname="Test.TestCase15" name="functionaltest" time="16.504"/>
</testsuite> <!-- Test.TestCase15 -->
