<?xml version="1.0" encoding="UTF-8"?>
<!-- Generated by org.testng.reporters.JUnitReportReporter -->
<testsuite hostname="LAPTOP-NBCD1KMT" failures="0" tests="2" name="Test.TestCase21" time="5.164" errors="0" timestamp="2024-12-26T09:59:02 IST" skipped="0">
  <testcase classname="Test.TestCase21" name="setup" time="4.947"/>
  <testcase classname="Test.TestCase21" name="functionaltest" time="0.217"/>
</testsuite> <!-- Test.TestCase21 -->
