<?xml version="1.0" encoding="UTF-8"?>
<!-- Generated by org.testng.reporters.JUnitReportReporter -->
<testsuite hostname="LAPTOP-NBCD1KMT" failures="0" tests="2" name="Test.TestCase23" time="5.536" errors="0" timestamp="2024-12-26T10:42:48 IST" skipped="0">
  <testcase classname="Test.TestCase23" name="setup" time="5.107"/>
  <testcase classname="Test.TestCase23" name="functionaltest" time="0.429"/>
</testsuite> <!-- Test.TestCase23 -->
