<?xml version="1.0" encoding="UTF-8"?>
<!-- Generated by org.testng.reporters.JUnitReportReporter -->
<testsuite hostname="LAPTOP-NBCD1KMT" failures="0" tests="2" name="Test.TestCase26" time="9.092" errors="0" timestamp="2024-12-27T11:05:53 IST" skipped="0">
  <testcase classname="Test.TestCase26" name="setup" time="7.726"/>
  <testcase classname="Test.TestCase26" name="functionaltest" time="1.366"/>
</testsuite> <!-- Test.TestCase26 -->
