<?xml version="1.0" encoding="UTF-8"?>
<!-- Generated by org.testng.reporters.JUnitReportReporter -->
<testsuite hostname="LAPTOP-NBCD1KMT" failures="0" tests="2" name="Test.TestCase22" time="5.839" errors="0" timestamp="2024-12-26T10:13:11 IST" skipped="0">
  <testcase classname="Test.TestCase22" name="setup" time="5.671"/>
  <testcase classname="Test.TestCase22" name="functionaltest" time="0.168"/>
</testsuite> <!-- Test.TestCase22 -->
