<?xml version="1.0" encoding="UTF-8"?>
<!-- Generated by org.testng.reporters.JUnitReportReporter -->
<testsuite hostname="LAPTOP-NBCD1KMT" failures="0" tests="2" name="Test.TestCase20" time="8.560" errors="0" timestamp="2024-12-25T17:14:05 IST" skipped="0">
  <testcase classname="Test.TestCase20" name="setup" time="7.166"/>
  <testcase classname="Test.TestCase20" name="functionaltest" time="1.394"/>
</testsuite> <!-- Test.TestCase20 -->
