<?xml version="1.0" encoding="UTF-8"?>
<!-- Generated by org.testng.reporters.JUnitReportReporter -->
<testsuite hostname="LAPTOP-NBCD1KMT" failures="0" tests="2" name="Test.TestCase30" time="7.687" errors="0" timestamp="2024-12-27T10:34:00 IST" skipped="0">
  <testcase classname="Test.TestCase30" name="setup" time="6.840"/>
  <testcase classname="Test.TestCase30" name="functionaltest" time="0.847"/>
</testsuite> <!-- Test.TestCase30 -->
