<?xml version="1.0" encoding="UTF-8"?>
<!-- Generated by org.testng.reporters.JUnitReportReporter -->
<testsuite hostname="LAPTOP-NBCD1KMT" failures="0" tests="2" name="Test.TestCase31" time="7.580" errors="0" timestamp="2024-12-27T12:12:16 IST" skipped="0">
  <testcase classname="Test.TestCase31" name="setup" time="7.428"/>
  <testcase classname="Test.TestCase31" name="functionaltest" time="0.152"/>
</testsuite> <!-- Test.TestCase31 -->
