<?xml version="1.0" encoding="UTF-8"?>
<!-- Generated by org.testng.reporters.JUnitReportReporter -->
<testsuite hostname="LAPTOP-NBCD1KMT" failures="0" tests="3" name="Test.TestCase18" time="16.648" errors="0" timestamp="2024-12-25T15:14:47 IST" skipped="0">
  <testcase classname="Test.TestCase18" name="setup" time="8.499"/>
  <testcase classname="Test.TestCase18" name="functionaltest" time="7.811"/>
  <testcase classname="Test.TestCase18" name="logout" time="0.338"/>
</testsuite> <!-- Test.TestCase18 -->
