<?xml version="1.0" encoding="UTF-8"?>
<!-- Generated by org.testng.reporters.JUnitReportReporter -->
<testsuite hostname="LAPTOP-NBCD1KMT" failures="0" tests="2" name="Test.TestCase25" time="9.022" errors="0" timestamp="2024-12-26T12:34:26 IST" skipped="0">
  <testcase classname="Test.TestCase25" name="setup" time="7.202"/>
  <testcase classname="Test.TestCase25" name="functionaltest" time="1.820"/>
</testsuite> <!-- Test.TestCase25 -->
