<?xml version="1.0" encoding="UTF-8"?>
<!-- Generated by org.testng.reporters.JUnitReportReporter -->
<testsuite hostname="LAPTOP-NBCD1KMT" failures="0" tests="2" name="Test.TestCase28" time="8.613" errors="0" timestamp="2024-12-26T15:35:59 IST" skipped="0">
  <testcase classname="Test.TestCase28" name="setup" time="7.913"/>
  <testcase classname="Test.TestCase28" name="functionaltest" time="0.700"/>
</testsuite> <!-- Test.TestCase28 -->
