<?xml version="1.0" encoding="UTF-8"?>
<!-- Generated by org.testng.reporters.JUnitReportReporter -->
<testsuite hostname="LAPTOP-NBCD1KMT" failures="0" tests="2" name="Test.TestCase32" time="9.740" errors="0" timestamp="2024-12-27T15:02:30 IST" skipped="0">
  <testcase classname="Test.TestCase32" name="setup" time="9.117"/>
  <testcase classname="Test.TestCase32" name="functionaltest" time="0.623"/>
</testsuite> <!-- Test.TestCase32 -->
