<?xml version="1.0" encoding="UTF-8"?>
<!-- Generated by org.testng.reporters.JUnitReportReporter -->
<testsuite hostname="LAPTOP-NBCD1KMT" failures="0" tests="2" name="Test.TestCase11" time="9.448" errors="0" timestamp="2024-12-21T10:28:52 IST" skipped="0">
  <testcase classname="Test.TestCase11" name="setup" time="7.757"/>
  <testcase classname="Test.TestCase11" name="functionaltest" time="1.691"/>
</testsuite> <!-- Test.TestCase11 -->
