<?xml version="1.0" encoding="UTF-8"?>
<!-- Generated by org.testng.reporters.JUnitReportReporter -->
<testsuite hostname="LAPTOP-NBCD1KMT" failures="0" tests="2" name="Test.TestCase17" time="9.979" errors="0" timestamp="2024-12-25T13:46:09 IST" skipped="0">
  <testcase classname="Test.TestCase17" name="setup" time="6.867"/>
  <testcase classname="Test.TestCase17" name="functionaltest" time="3.112"/>
</testsuite> <!-- Test.TestCase17 -->
