<?xml version="1.0" encoding="UTF-8"?>
<!-- Generated by org.testng.reporters.JUnitReportReporter -->
<testsuite hostname="LAPTOP-NBCD1KMT" failures="0" tests="2" name="Test.TestCase19" time="12.387" errors="0" timestamp="2024-12-25T16:34:05 IST" skipped="0">
  <testcase classname="Test.TestCase19" name="setup" time="7.783"/>
  <testcase classname="Test.TestCase19" name="functionaltest" time="4.604"/>
</testsuite> <!-- Test.TestCase19 -->
