<?xml version="1.0" encoding="UTF-8"?>
<!-- Generated by org.testng.reporters.JUnitReportReporter -->
<testsuite hostname="LAPTOP-NBCD1KMT" failures="0" tests="2" name="Test.TestCase29" time="7.492" errors="0" timestamp="2024-12-26T15:57:38 IST" skipped="0">
  <testcase classname="Test.TestCase29" name="setup" time="6.735"/>
  <testcase classname="Test.TestCase29" name="functionaltest" time="0.757"/>
</testsuite> <!-- Test.TestCase29 -->
