<?xml version="1.0" encoding="UTF-8"?>
<!-- Generated by org.testng.reporters.JUnitReportReporter -->
<testsuite hostname="LAPTOP-NBCD1KMT" failures="0" tests="3" name="Test.TestCase2" time="8.355" errors="0" timestamp="2024-12-30T08:17:04 IST" skipped="0">
  <testcase classname="Test.TestCase2" name="setup" time="6.615"/>
  <system-out/>
  <testcase classname="Test.TestCase2" name="functionaltest" time="1.326"/>
  <system-out/>
  <testcase classname="Test.TestCase2" name="logout" time="0.414"/>
  <system-out/>
</testsuite> <!-- Test.TestCase2 -->
